
*** Running vivado
    with args -log top.vds -m64 -product Vivado -mode batch -messageDb vivado.pb -notrace -source top.tcl



****** Vivado v2024.1 (64-bit)
  **** SW Build 5076996 on Wed May 22 18:37:14 MDT 2024
  **** IP Build 5075265 on Wed May 22 21:45:21 MDT 2024
  **** SharedData Build 5076995 on Wed May 22 18:29:18 MDT 2024
  **** Start of session at: Mon May  5 19:20:02 2025
    ** Copyright 1986-2022 Xilinx, Inc. All Rights Reserved.
    ** Copyright 2022-2024 Advanced Micro Devices, Inc. All Rights Reserved.

source top.tcl -notrace
create_project: Time (s): cpu = 00:00:08 ; elapsed = 00:00:09 . Memory (MB): peak = 486.625 ; gain = 199.234
Command: read_checkpoint -auto_incremental -incremental C:/Users/irene/Desktop/Trabajo-SED-VDHL-2/Trabajo_SED_2/Trabajo_SED_2.srcs/utils_1/imports/synth_1/top.dcp
INFO: [Vivado 12-5825] Read reference checkpoint from C:/Users/irene/Desktop/Trabajo-SED-VDHL-2/Trabajo_SED_2/Trabajo_SED_2.srcs/utils_1/imports/synth_1/top.dcp for incremental synthesis
INFO: [Vivado 12-7989] Please ensure there are no constraint changes
Command: synth_design -top top -part xc7a100tcsg324-1
Starting synth_design
Attempting to get a license for feature 'Synthesis' and/or device 'xc7a100t'
INFO: [Common 17-349] Got license for feature 'Synthesis' and/or device 'xc7a100t'
INFO: [Device 21-403] Loading part xc7a100tcsg324-1
INFO: [Device 21-9227] Part: xc7a100tcsg324-1 does not have CEAM library.
INFO: [Designutils 20-5440] No compile time benefit to using incremental synthesis; A full resynthesis will be run
INFO: [Designutils 20-4379] Flow is switching to default flow due to incremental criteria not met. If you would like to alter this behaviour and have the flow terminate instead, please set the following parameter config_implementation {autoIncr.Synth.RejectBehavior Terminate}
INFO: [Synth 8-7079] Multithreading enabled for synth_design using a maximum of 2 processes.
INFO: [Synth 8-7078] Launching helper process for spawning children vivado processes
INFO: [Synth 8-7075] Helper process launched with PID 4380
---------------------------------------------------------------------------------
Starting RTL Elaboration : Time (s): cpu = 00:00:06 ; elapsed = 00:00:07 . Memory (MB): peak = 1360.137 ; gain = 448.699
---------------------------------------------------------------------------------
INFO: [Synth 8-638] synthesizing module 'top' [C:/Users/irene/Desktop/Trabajo-SED-VDHL-2/Trabajo_SED_2/Trabajo_SED_2.srcs/sources_1/new/top.vhd:21]
INFO: [Synth 8-3491] module 'MONEDAS' declared at 'C:/Users/irene/Desktop/Trabajo-SED-VDHL-2/Trabajo_SED_2/Trabajo_SED_2.srcs/sources_1/new/MONEDAS.vhd:4' bound to instance 'Inst_MONEDAS' of component 'MONEDAS' [C:/Users/irene/Desktop/Trabajo-SED-VDHL-2/Trabajo_SED_2/Trabajo_SED_2.srcs/sources_1/new/top.vhd:87]
INFO: [Synth 8-638] synthesizing module 'MONEDAS' [C:/Users/irene/Desktop/Trabajo-SED-VDHL-2/Trabajo_SED_2/Trabajo_SED_2.srcs/sources_1/new/MONEDAS.vhd:12]
INFO: [Synth 8-3491] module 'SYNCHRNZR' declared at 'C:/Users/irene/Desktop/Trabajo-SED-VDHL-2/Trabajo_SED_2/Trabajo_SED_2.srcs/sources_1/new/SYNCHRNZR.vhd:3' bound to instance 'Inst_SYNCHRNZR_3' of component 'SYNCHRNZR' [C:/Users/irene/Desktop/Trabajo-SED-VDHL-2/Trabajo_SED_2/Trabajo_SED_2.srcs/sources_1/new/MONEDAS.vhd:33]
INFO: [Synth 8-638] synthesizing module 'SYNCHRNZR' [C:/Users/irene/Desktop/Trabajo-SED-VDHL-2/Trabajo_SED_2/Trabajo_SED_2.srcs/sources_1/new/SYNCHRNZR.vhd:10]
INFO: [Synth 8-256] done synthesizing module 'SYNCHRNZR' (0#1) [C:/Users/irene/Desktop/Trabajo-SED-VDHL-2/Trabajo_SED_2/Trabajo_SED_2.srcs/sources_1/new/SYNCHRNZR.vhd:10]
INFO: [Synth 8-3491] module 'SYNCHRNZR' declared at 'C:/Users/irene/Desktop/Trabajo-SED-VDHL-2/Trabajo_SED_2/Trabajo_SED_2.srcs/sources_1/new/SYNCHRNZR.vhd:3' bound to instance 'Inst_SYNCHRNZR_2' of component 'SYNCHRNZR' [C:/Users/irene/Desktop/Trabajo-SED-VDHL-2/Trabajo_SED_2/Trabajo_SED_2.srcs/sources_1/new/MONEDAS.vhd:38]
INFO: [Synth 8-3491] module 'SYNCHRNZR' declared at 'C:/Users/irene/Desktop/Trabajo-SED-VDHL-2/Trabajo_SED_2/Trabajo_SED_2.srcs/sources_1/new/SYNCHRNZR.vhd:3' bound to instance 'Inst_SYNCHRNZR_1' of component 'SYNCHRNZR' [C:/Users/irene/Desktop/Trabajo-SED-VDHL-2/Trabajo_SED_2/Trabajo_SED_2.srcs/sources_1/new/MONEDAS.vhd:43]
INFO: [Synth 8-3491] module 'SYNCHRNZR' declared at 'C:/Users/irene/Desktop/Trabajo-SED-VDHL-2/Trabajo_SED_2/Trabajo_SED_2.srcs/sources_1/new/SYNCHRNZR.vhd:3' bound to instance 'Inst_SYNCHRNZR_0' of component 'SYNCHRNZR' [C:/Users/irene/Desktop/Trabajo-SED-VDHL-2/Trabajo_SED_2/Trabajo_SED_2.srcs/sources_1/new/MONEDAS.vhd:48]
INFO: [Synth 8-3491] module 'EDGEDTCTR' declared at 'C:/Users/irene/Desktop/Trabajo-SED-VDHL-2/Trabajo_SED_2/Trabajo_SED_2.srcs/sources_1/new/EDGEDTCTR.vhd:3' bound to instance 'Inst_EDGEDTCTR_3' of component 'EDGEDTCTR' [C:/Users/irene/Desktop/Trabajo-SED-VDHL-2/Trabajo_SED_2/Trabajo_SED_2.srcs/sources_1/new/MONEDAS.vhd:54]
INFO: [Synth 8-638] synthesizing module 'EDGEDTCTR' [C:/Users/irene/Desktop/Trabajo-SED-VDHL-2/Trabajo_SED_2/Trabajo_SED_2.srcs/sources_1/new/EDGEDTCTR.vhd:11]
INFO: [Synth 8-256] done synthesizing module 'EDGEDTCTR' (0#1) [C:/Users/irene/Desktop/Trabajo-SED-VDHL-2/Trabajo_SED_2/Trabajo_SED_2.srcs/sources_1/new/EDGEDTCTR.vhd:11]
INFO: [Synth 8-3491] module 'EDGEDTCTR' declared at 'C:/Users/irene/Desktop/Trabajo-SED-VDHL-2/Trabajo_SED_2/Trabajo_SED_2.srcs/sources_1/new/EDGEDTCTR.vhd:3' bound to instance 'Inst_EDGEDTCTR_2' of component 'EDGEDTCTR' [C:/Users/irene/Desktop/Trabajo-SED-VDHL-2/Trabajo_SED_2/Trabajo_SED_2.srcs/sources_1/new/MONEDAS.vhd:59]
INFO: [Synth 8-3491] module 'EDGEDTCTR' declared at 'C:/Users/irene/Desktop/Trabajo-SED-VDHL-2/Trabajo_SED_2/Trabajo_SED_2.srcs/sources_1/new/EDGEDTCTR.vhd:3' bound to instance 'Inst_EDGEDTCTR_1' of component 'EDGEDTCTR' [C:/Users/irene/Desktop/Trabajo-SED-VDHL-2/Trabajo_SED_2/Trabajo_SED_2.srcs/sources_1/new/MONEDAS.vhd:64]
INFO: [Synth 8-3491] module 'EDGEDTCTR' declared at 'C:/Users/irene/Desktop/Trabajo-SED-VDHL-2/Trabajo_SED_2/Trabajo_SED_2.srcs/sources_1/new/EDGEDTCTR.vhd:3' bound to instance 'Inst_EDGEDTCTR_0' of component 'EDGEDTCTR' [C:/Users/irene/Desktop/Trabajo-SED-VDHL-2/Trabajo_SED_2/Trabajo_SED_2.srcs/sources_1/new/MONEDAS.vhd:69]
INFO: [Synth 8-256] done synthesizing module 'MONEDAS' (0#1) [C:/Users/irene/Desktop/Trabajo-SED-VDHL-2/Trabajo_SED_2/Trabajo_SED_2.srcs/sources_1/new/MONEDAS.vhd:12]
INFO: [Synth 8-3491] module 'boton_reset' declared at 'C:/Users/irene/Desktop/Trabajo-SED-VDHL-2/Trabajo_SED_2/Trabajo_SED_2.srcs/sources_1/new/boton_reset.vhd:5' bound to instance 'Inst_boton_reset' of component 'boton_reset' [C:/Users/irene/Desktop/Trabajo-SED-VDHL-2/Trabajo_SED_2/Trabajo_SED_2.srcs/sources_1/new/top.vhd:93]
INFO: [Synth 8-638] synthesizing module 'boton_reset' [C:/Users/irene/Desktop/Trabajo-SED-VDHL-2/Trabajo_SED_2/Trabajo_SED_2.srcs/sources_1/new/boton_reset.vhd:13]
INFO: [Synth 8-3491] module 'SYNCHRNZR' declared at 'C:/Users/irene/Desktop/Trabajo-SED-VDHL-2/Trabajo_SED_2/Trabajo_SED_2.srcs/sources_1/new/SYNCHRNZR.vhd:3' bound to instance 'Inst_SYNCHRNZR' of component 'SYNCHRNZR' [C:/Users/irene/Desktop/Trabajo-SED-VDHL-2/Trabajo_SED_2/Trabajo_SED_2.srcs/sources_1/new/boton_reset.vhd:36]
INFO: [Synth 8-3491] module 'EDGEDTCTR' declared at 'C:/Users/irene/Desktop/Trabajo-SED-VDHL-2/Trabajo_SED_2/Trabajo_SED_2.srcs/sources_1/new/EDGEDTCTR.vhd:3' bound to instance 'Inst_EDGEDTCTR' of component 'EDGEDTCTR' [C:/Users/irene/Desktop/Trabajo-SED-VDHL-2/Trabajo_SED_2/Trabajo_SED_2.srcs/sources_1/new/boton_reset.vhd:42]
INFO: [Synth 8-256] done synthesizing module 'boton_reset' (0#1) [C:/Users/irene/Desktop/Trabajo-SED-VDHL-2/Trabajo_SED_2/Trabajo_SED_2.srcs/sources_1/new/boton_reset.vhd:13]
INFO: [Synth 8-3491] module 'comprar_producto' declared at 'C:/Users/irene/Desktop/Trabajo-SED-VDHL-2/Trabajo_SED_2/Trabajo_SED_2.srcs/sources_1/new/comprar_producto.vhd:5' bound to instance 'Inst_comprar_producto' of component 'comprar_producto' [C:/Users/irene/Desktop/Trabajo-SED-VDHL-2/Trabajo_SED_2/Trabajo_SED_2.srcs/sources_1/new/top.vhd:99]
INFO: [Synth 8-638] synthesizing module 'comprar_producto' [C:/Users/irene/Desktop/Trabajo-SED-VDHL-2/Trabajo_SED_2/Trabajo_SED_2.srcs/sources_1/new/comprar_producto.vhd:13]
INFO: [Synth 8-3491] module 'SYNCHRNZR' declared at 'C:/Users/irene/Desktop/Trabajo-SED-VDHL-2/Trabajo_SED_2/Trabajo_SED_2.srcs/sources_1/new/SYNCHRNZR.vhd:3' bound to instance 'Inst_SYNCHRNZR' of component 'SYNCHRNZR' [C:/Users/irene/Desktop/Trabajo-SED-VDHL-2/Trabajo_SED_2/Trabajo_SED_2.srcs/sources_1/new/comprar_producto.vhd:36]
INFO: [Synth 8-3491] module 'EDGEDTCTR' declared at 'C:/Users/irene/Desktop/Trabajo-SED-VDHL-2/Trabajo_SED_2/Trabajo_SED_2.srcs/sources_1/new/EDGEDTCTR.vhd:3' bound to instance 'Inst_EDGEDTCTR' of component 'EDGEDTCTR' [C:/Users/irene/Desktop/Trabajo-SED-VDHL-2/Trabajo_SED_2/Trabajo_SED_2.srcs/sources_1/new/comprar_producto.vhd:42]
INFO: [Synth 8-256] done synthesizing module 'comprar_producto' (0#1) [C:/Users/irene/Desktop/Trabajo-SED-VDHL-2/Trabajo_SED_2/Trabajo_SED_2.srcs/sources_1/new/comprar_producto.vhd:13]
INFO: [Synth 8-3491] module 'display' declared at 'C:/Users/irene/Desktop/Trabajo-SED-VDHL-2/Trabajo_SED_2/Trabajo_SED_2.srcs/sources_1/new/display.vhd:5' bound to instance 'Inst_display' of component 'display' [C:/Users/irene/Desktop/Trabajo-SED-VDHL-2/Trabajo_SED_2/Trabajo_SED_2.srcs/sources_1/new/top.vhd:106]
INFO: [Synth 8-638] synthesizing module 'display' [C:/Users/irene/Desktop/Trabajo-SED-VDHL-2/Trabajo_SED_2/Trabajo_SED_2.srcs/sources_1/new/display.vhd:14]
INFO: [Synth 8-256] done synthesizing module 'display' (0#1) [C:/Users/irene/Desktop/Trabajo-SED-VDHL-2/Trabajo_SED_2/Trabajo_SED_2.srcs/sources_1/new/display.vhd:14]
INFO: [Synth 8-3491] module 'FSM' declared at 'C:/Users/irene/Desktop/Trabajo-SED-VDHL-2/Trabajo_SED_2/Trabajo_SED_2.srcs/sources_1/new/FSM.vhd:5' bound to instance 'Inst_FSM' of component 'FSM' [C:/Users/irene/Desktop/Trabajo-SED-VDHL-2/Trabajo_SED_2/Trabajo_SED_2.srcs/sources_1/new/top.vhd:113]
INFO: [Synth 8-638] synthesizing module 'FSM' [C:/Users/irene/Desktop/Trabajo-SED-VDHL-2/Trabajo_SED_2/Trabajo_SED_2.srcs/sources_1/new/FSM.vhd:18]
WARNING: [Synth 8-614] signal 'i_importe' is read in the process but is not in the sensitivity list [C:/Users/irene/Desktop/Trabajo-SED-VDHL-2/Trabajo_SED_2/Trabajo_SED_2.srcs/sources_1/new/FSM.vhd:152]
WARNING: [Synth 8-614] signal 'monedas' is read in the process but is not in the sensitivity list [C:/Users/irene/Desktop/Trabajo-SED-VDHL-2/Trabajo_SED_2/Trabajo_SED_2.srcs/sources_1/new/FSM.vhd:152]
INFO: [Synth 8-256] done synthesizing module 'FSM' (0#1) [C:/Users/irene/Desktop/Trabajo-SED-VDHL-2/Trabajo_SED_2/Trabajo_SED_2.srcs/sources_1/new/FSM.vhd:18]
INFO: [Synth 8-256] done synthesizing module 'top' (0#1) [C:/Users/irene/Desktop/Trabajo-SED-VDHL-2/Trabajo_SED_2/Trabajo_SED_2.srcs/sources_1/new/top.vhd:21]
---------------------------------------------------------------------------------
Finished RTL Elaboration : Time (s): cpu = 00:00:08 ; elapsed = 00:00:10 . Memory (MB): peak = 1471.242 ; gain = 559.805
---------------------------------------------------------------------------------
---------------------------------------------------------------------------------
Start Handling Custom Attributes
---------------------------------------------------------------------------------
---------------------------------------------------------------------------------
Finished Handling Custom Attributes : Time (s): cpu = 00:00:08 ; elapsed = 00:00:10 . Memory (MB): peak = 1471.242 ; gain = 559.805
---------------------------------------------------------------------------------
---------------------------------------------------------------------------------
Finished RTL Optimization Phase 1 : Time (s): cpu = 00:00:08 ; elapsed = 00:00:10 . Memory (MB): peak = 1471.242 ; gain = 559.805
---------------------------------------------------------------------------------
Netlist sorting complete. Time (s): cpu = 00:00:00 ; elapsed = 00:00:00.016 . Memory (MB): peak = 1471.242 ; gain = 0.000
INFO: [Project 1-570] Preparing netlist for logic optimization

Processing XDC Constraints
Initializing timing engine
Parsing XDC File [C:/Users/irene/Desktop/Trabajo-SED-VDHL-2/Trabajo_SED_2/Trabajo_SED_2.srcs/constrs_1/imports/Downloads/Nexys4DDR_Master.xdc]
Finished Parsing XDC File [C:/Users/irene/Desktop/Trabajo-SED-VDHL-2/Trabajo_SED_2/Trabajo_SED_2.srcs/constrs_1/imports/Downloads/Nexys4DDR_Master.xdc]
INFO: [Project 1-236] Implementation specific constraints were found while reading constraint file [C:/Users/irene/Desktop/Trabajo-SED-VDHL-2/Trabajo_SED_2/Trabajo_SED_2.srcs/constrs_1/imports/Downloads/Nexys4DDR_Master.xdc]. These constraints will be ignored for synthesis but will be used in implementation. Impacted constraints are listed in the file [.Xil/top_propImpl.xdc].
Resolution: To avoid this warning, move constraints listed in [.Xil/top_propImpl.xdc] to another XDC file and exclude this new file from synthesis with the used_in_synthesis property (File Properties dialog in GUI) and re-run elaboration/synthesis.
Completed Processing XDC Constraints

Netlist sorting complete. Time (s): cpu = 00:00:00 ; elapsed = 00:00:00 . Memory (MB): peak = 1566.840 ; gain = 0.000
INFO: [Project 1-111] Unisim Transformation Summary:
No Unisim elements were transformed.

Constraint Validation Runtime : Time (s): cpu = 00:00:00 ; elapsed = 00:00:00.006 . Memory (MB): peak = 1566.840 ; gain = 0.000
INFO: [Designutils 20-5440] No compile time benefit to using incremental synthesis; A full resynthesis will be run
INFO: [Designutils 20-4379] Flow is switching to default flow due to incremental criteria not met. If you would like to alter this behaviour and have the flow terminate instead, please set the following parameter config_implementation {autoIncr.Synth.RejectBehavior Terminate}
---------------------------------------------------------------------------------
Finished Constraint Validation : Time (s): cpu = 00:00:19 ; elapsed = 00:00:21 . Memory (MB): peak = 1566.840 ; gain = 655.402
---------------------------------------------------------------------------------
---------------------------------------------------------------------------------
Start Loading Part and Timing Information
---------------------------------------------------------------------------------
Loading part: xc7a100tcsg324-1
---------------------------------------------------------------------------------
Finished Loading Part and Timing Information : Time (s): cpu = 00:00:19 ; elapsed = 00:00:21 . Memory (MB): peak = 1566.840 ; gain = 655.402
---------------------------------------------------------------------------------
---------------------------------------------------------------------------------
Start Applying 'set_property' XDC Constraints
---------------------------------------------------------------------------------
---------------------------------------------------------------------------------
Finished applying 'set_property' XDC Constraints : Time (s): cpu = 00:00:19 ; elapsed = 00:00:21 . Memory (MB): peak = 1566.840 ; gain = 655.402
---------------------------------------------------------------------------------
INFO: [Synth 8-802] inferred FSM for state register 'current_state_reg' in module 'FSM'
---------------------------------------------------------------------------------------------------
                   State |                     New Encoding |                Previous Encoding 
---------------------------------------------------------------------------------------------------
                  reposo |                              000 |                              000
      moneda_introducida |                              001 |                              001
      recibiendo_monedas |                              010 |                              010
     entregando_producto |                              011 |                              011
                   error |                              100 |                              100
         devolver_dinero |                              101 |                              101
---------------------------------------------------------------------------------------------------
INFO: [Synth 8-3354] encoded FSM with state register 'current_state_reg' using encoding 'sequential' in module 'FSM'
WARNING: [Synth 8-327] inferring latch for variable 'i_importe_reg' [C:/Users/irene/Desktop/Trabajo-SED-VDHL-2/Trabajo_SED_2/Trabajo_SED_2.srcs/sources_1/new/FSM.vhd:159]
---------------------------------------------------------------------------------
Finished RTL Optimization Phase 2 : Time (s): cpu = 00:00:20 ; elapsed = 00:00:23 . Memory (MB): peak = 1566.840 ; gain = 655.402
---------------------------------------------------------------------------------
---------------------------------------------------------------------------------
Start RTL Component Statistics 
---------------------------------------------------------------------------------
Detailed RTL Component Info : 
+---Adders : 
	   2 Input   32 Bit       Adders := 3     
	   2 Input   31 Bit       Adders := 3     
	   2 Input   28 Bit       Adders := 2     
	   2 Input   20 Bit       Adders := 1     
	   2 Input    4 Bit       Adders := 3     
	   2 Input    2 Bit       Adders := 1     
+---Registers : 
	               28 Bit    Registers := 2     
	               20 Bit    Registers := 1     
	                3 Bit    Registers := 6     
	                2 Bit    Registers := 7     
	                1 Bit    Registers := 8     
+---Muxes : 
	   2 Input   32 Bit        Muxes := 2     
	   6 Input   32 Bit        Muxes := 1     
	   2 Input   31 Bit        Muxes := 3     
	   2 Input    8 Bit        Muxes := 1     
	   4 Input    8 Bit        Muxes := 1     
	   5 Input    7 Bit        Muxes := 1     
	   2 Input    4 Bit        Muxes := 4     
	   4 Input    4 Bit        Muxes := 1     
	   6 Input    3 Bit        Muxes := 1     
	   2 Input    3 Bit        Muxes := 9     
	   2 Input    2 Bit        Muxes := 1     
	   2 Input    1 Bit        Muxes := 12    
	   5 Input    1 Bit        Muxes := 1     
	   3 Input    1 Bit        Muxes := 1     
	   6 Input    1 Bit        Muxes := 3     
---------------------------------------------------------------------------------
Finished RTL Component Statistics 
---------------------------------------------------------------------------------
---------------------------------------------------------------------------------
Start Part Resource Summary
---------------------------------------------------------------------------------
Part Resources:
DSPs: 240 (col length:80)
BRAMs: 270 (col length: RAMB18 80 RAMB36 40)
---------------------------------------------------------------------------------
Finished Part Resource Summary
---------------------------------------------------------------------------------
---------------------------------------------------------------------------------
Start Cross Boundary and Area Optimization
---------------------------------------------------------------------------------
WARNING: [Synth 8-7080] Parallel synthesis criteria is not met
